{
  "RSpec": {
    "coverage": {
      "/home/patient-creator-3911/tic-tac-toe-rb-online-web-sp-000/lib/tic_tac_toe.rb": [
        null,
        1,
        null,
        null,
        null,
        null,
        null,
        null,
        null,
        null,
        null,
        null,
        1,
        18,
        18,
        18,
        18,
        18,
        null,
        null,
        null,
        1,
        18,
        null,
        null,
        1,
        18,
        null,
        null,
        1,
        18,
        18,
        null,
        0,
        0,
        null,
        null,
        null,
        1,
        18,
        18,
        null,
        0,
        null,
        null,
        18,
        null,
        18,
        18,
        null,
        null,
        null,
        1,
        18,
        null,
        18,
        18,
        18,
        null,
        18,
        18,
        18,
        null,
        0,
        null,
        null,
        null,
        1,
        null,
        18,
        null,
        18,
        162,
        27,
        null,
        null,
        18,
        null,
        null,
        1,
        18,
        null,
        null,
        1,
        null,
        29,
        194,
        194,
        194,
        null,
        194,
        194,
        194,
        null,
        194,
        null,
        8,
        null,
        null,
        21,
        null,
        null,
        1,
        22,
        83,
        null,
        22,
        null,
        null,
        1,
        11,
        2,
        0,
        0,
        0,
        0,
        null,
        null,
        null,
        1,
        null,
        19,
        8,
        null,
        11,
        null,
        null,
        1,
        null,
        null,
        11,
        null,
        11,
        7,
        null,
        null,
        4,
        3,
        null,
        1,
        1,
        null,
        null,
        null,
        1,
        12,
        18,
        null,
        null,
        null,
        null,
        null,
        null,
        null,
        null,
        null,
        12,
        12,
        7,
        null,
        null,
        12,
        null,
        null
      ]
    },
    "timestamp": 1583698454
  }
}
